Analysis & Synthesis report for multiply_accumulator
Sun Nov 15 23:54:33 2020
Quartus Prime Version 16.1.0 Build 196 10/24/2016 SJ Standard Edition


---------------------
; Table of Contents ;
---------------------
  1. Legal Notice
  2. Analysis & Synthesis Summary
  3. Analysis & Synthesis Settings
  4. Parallel Compilation
  5. Analysis & Synthesis Source Files Read
  6. Analysis & Synthesis Resource Usage Summary
  7. Analysis & Synthesis Resource Utilization by Entity
  8. State Machine - |multiply_accumulater|state
  9. Registers Removed During Synthesis
 10. General Register Statistics
 11. Multiplexer Restructuring Statistics (Restructuring Performed)
 12. Post-Synthesis Netlist Statistics for Top Partition
 13. Elapsed Time Per Partition
 14. Analysis & Synthesis Messages



----------------
; Legal Notice ;
----------------
Copyright (C) 2016  Intel Corporation. All rights reserved.
Your use of Intel Corporation's design tools, logic functions 
and other software and tools, and its AMPP partner logic 
functions, and any output files from any of the foregoing 
(including device programming or simulation files), and any 
associated documentation or information are expressly subject 
to the terms and conditions of the Intel Program License 
Subscription Agreement, the Intel Quartus Prime License Agreement,
the Intel MegaCore Function License Agreement, or other 
applicable license agreement, including, without limitation, 
that your use is for the sole purpose of programming logic 
devices manufactured by Intel and sold by Intel or its 
authorized distributors.  Please refer to the applicable 
agreement for further details.



+--------------------------------------------------------------------------------------+
; Analysis & Synthesis Summary                                                         ;
+------------------------------------+-------------------------------------------------+
; Analysis & Synthesis Status        ; Successful - Sun Nov 15 23:54:33 2020           ;
; Quartus Prime Version              ; 16.1.0 Build 196 10/24/2016 SJ Standard Edition ;
; Revision Name                      ; multiply_accumulator                            ;
; Top-level Entity Name              ; multiply_accumulater                            ;
; Family                             ; Cyclone IV E                                    ;
; Total logic elements               ; 15                                              ;
;     Total combinational functions  ; 12                                              ;
;     Dedicated logic registers      ; 14                                              ;
; Total registers                    ; 14                                              ;
; Total pins                         ; 337                                             ;
; Total virtual pins                 ; 0                                               ;
; Total memory bits                  ; 0                                               ;
; Embedded Multiplier 9-bit elements ; 0                                               ;
; Total PLLs                         ; 0                                               ;
+------------------------------------+-------------------------------------------------+


+--------------------------------------------------------------------------------------------------------------------------+
; Analysis & Synthesis Settings                                                                                            ;
+----------------------------------------------------------------------------+----------------------+----------------------+
; Option                                                                     ; Setting              ; Default Value        ;
+----------------------------------------------------------------------------+----------------------+----------------------+
; Device                                                                     ; EP4CE6F17C8          ;                      ;
; Top-level entity name                                                      ; multiply_accumulater ; multiply_accumulator ;
; Family name                                                                ; Cyclone IV E         ; Cyclone V            ;
; Use smart compilation                                                      ; Off                  ; Off                  ;
; Enable parallel Assembler and TimeQuest Timing Analyzer during compilation ; On                   ; On                   ;
; Enable compact report table                                                ; Off                  ; Off                  ;
; Restructure Multiplexers                                                   ; Auto                 ; Auto                 ;
; Create Debugging Nodes for IP Cores                                        ; Off                  ; Off                  ;
; Preserve fewer node names                                                  ; On                   ; On                   ;
; OpenCore Plus hardware evaluation                                          ; Enable               ; Enable               ;
; Verilog Version                                                            ; Verilog_2001         ; Verilog_2001         ;
; VHDL Version                                                               ; VHDL_1993            ; VHDL_1993            ;
; State Machine Processing                                                   ; Auto                 ; Auto                 ;
; Safe State Machine                                                         ; Off                  ; Off                  ;
; Extract Verilog State Machines                                             ; On                   ; On                   ;
; Extract VHDL State Machines                                                ; On                   ; On                   ;
; Ignore Verilog initial constructs                                          ; Off                  ; Off                  ;
; Iteration limit for constant Verilog loops                                 ; 5000                 ; 5000                 ;
; Iteration limit for non-constant Verilog loops                             ; 250                  ; 250                  ;
; Add Pass-Through Logic to Inferred RAMs                                    ; On                   ; On                   ;
; Infer RAMs from Raw Logic                                                  ; On                   ; On                   ;
; Parallel Synthesis                                                         ; On                   ; On                   ;
; DSP Block Balancing                                                        ; Auto                 ; Auto                 ;
; NOT Gate Push-Back                                                         ; On                   ; On                   ;
; Power-Up Don't Care                                                        ; On                   ; On                   ;
; Remove Redundant Logic Cells                                               ; Off                  ; Off                  ;
; Remove Duplicate Registers                                                 ; On                   ; On                   ;
; Ignore CARRY Buffers                                                       ; Off                  ; Off                  ;
; Ignore CASCADE Buffers                                                     ; Off                  ; Off                  ;
; Ignore GLOBAL Buffers                                                      ; Off                  ; Off                  ;
; Ignore ROW GLOBAL Buffers                                                  ; Off                  ; Off                  ;
; Ignore LCELL Buffers                                                       ; Off                  ; Off                  ;
; Ignore SOFT Buffers                                                        ; On                   ; On                   ;
; Limit AHDL Integers to 32 Bits                                             ; Off                  ; Off                  ;
; Optimization Technique                                                     ; Balanced             ; Balanced             ;
; Carry Chain Length                                                         ; 70                   ; 70                   ;
; Auto Carry Chains                                                          ; On                   ; On                   ;
; Auto Open-Drain Pins                                                       ; On                   ; On                   ;
; Perform WYSIWYG Primitive Resynthesis                                      ; Off                  ; Off                  ;
; Auto ROM Replacement                                                       ; On                   ; On                   ;
; Auto RAM Replacement                                                       ; On                   ; On                   ;
; Auto DSP Block Replacement                                                 ; On                   ; On                   ;
; Auto Shift Register Replacement                                            ; Auto                 ; Auto                 ;
; Allow Shift Register Merging across Hierarchies                            ; Auto                 ; Auto                 ;
; Auto Clock Enable Replacement                                              ; On                   ; On                   ;
; Strict RAM Replacement                                                     ; Off                  ; Off                  ;
; Allow Synchronous Control Signals                                          ; On                   ; On                   ;
; Force Use of Synchronous Clear Signals                                     ; Off                  ; Off                  ;
; Auto RAM Block Balancing                                                   ; On                   ; On                   ;
; Auto RAM to Logic Cell Conversion                                          ; Off                  ; Off                  ;
; Auto Resource Sharing                                                      ; Off                  ; Off                  ;
; Allow Any RAM Size For Recognition                                         ; Off                  ; Off                  ;
; Allow Any ROM Size For Recognition                                         ; Off                  ; Off                  ;
; Allow Any Shift Register Size For Recognition                              ; Off                  ; Off                  ;
; Use LogicLock Constraints during Resource Balancing                        ; On                   ; On                   ;
; Ignore translate_off and synthesis_off directives                          ; Off                  ; Off                  ;
; Timing-Driven Synthesis                                                    ; On                   ; On                   ;
; Report Parameter Settings                                                  ; On                   ; On                   ;
; Report Source Assignments                                                  ; On                   ; On                   ;
; Report Connectivity Checks                                                 ; On                   ; On                   ;
; Ignore Maximum Fan-Out Assignments                                         ; Off                  ; Off                  ;
; Synchronization Register Chain Length                                      ; 2                    ; 2                    ;
; PowerPlay Power Optimization During Synthesis                              ; Normal compilation   ; Normal compilation   ;
; HDL message level                                                          ; Level2               ; Level2               ;
; Suppress Register Optimization Related Messages                            ; Off                  ; Off                  ;
; Number of Removed Registers Reported in Synthesis Report                   ; 5000                 ; 5000                 ;
; Number of Swept Nodes Reported in Synthesis Report                         ; 5000                 ; 5000                 ;
; Number of Inverted Registers Reported in Synthesis Report                  ; 100                  ; 100                  ;
; Clock MUX Protection                                                       ; On                   ; On                   ;
; Auto Gated Clock Conversion                                                ; Off                  ; Off                  ;
; Block Design Naming                                                        ; Auto                 ; Auto                 ;
; SDC constraint protection                                                  ; Off                  ; Off                  ;
; Synthesis Effort                                                           ; Auto                 ; Auto                 ;
; Shift Register Replacement - Allow Asynchronous Clear Signal               ; On                   ; On                   ;
; Pre-Mapping Resynthesis Optimization                                       ; Off                  ; Off                  ;
; Analysis & Synthesis Message Level                                         ; Medium               ; Medium               ;
; Disable Register Merging Across Hierarchies                                ; Auto                 ; Auto                 ;
; Resource Aware Inference For Block RAM                                     ; On                   ; On                   ;
+----------------------------------------------------------------------------+----------------------+----------------------+


+------------------------------------------+
; Parallel Compilation                     ;
+----------------------------+-------------+
; Processors                 ; Number      ;
+----------------------------+-------------+
; Number detected on machine ; 8           ;
; Maximum allowed            ; 4           ;
;                            ;             ;
; Average used               ; 1.00        ;
; Maximum used               ; 4           ;
;                            ;             ;
; Usage by Processor         ; % Time Used ;
;     Processor 1            ; 100.0%      ;
;     Processors 2-4         ;   0.0%      ;
+----------------------------+-------------+


+---------------------------------------------------------------------------------------------------------------------------------+
; Analysis & Synthesis Source Files Read                                                                                          ;
+----------------------------------+-----------------+-----------------+------------------------------------------------+---------+
; File Name with User-Entered Path ; Used in Netlist ; File Type       ; File Name with Absolute Path                   ; Library ;
+----------------------------------+-----------------+-----------------+------------------------------------------------+---------+
; multiply_accumulator.vhd         ; yes             ; User VHDL File  ; E:/CycloneVI/mac/proj/multiply_accumulator.vhd ;         ;
+----------------------------------+-----------------+-----------------+------------------------------------------------+---------+


+---------------------------------------------------------+
; Analysis & Synthesis Resource Usage Summary             ;
+---------------------------------------------+-----------+
; Resource                                    ; Usage     ;
+---------------------------------------------+-----------+
; Estimated Total logic elements              ; 15        ;
;                                             ;           ;
; Total combinational functions               ; 12        ;
; Logic element usage by number of LUT inputs ;           ;
;     -- 4 input functions                    ; 0         ;
;     -- 3 input functions                    ; 2         ;
;     -- <=2 input functions                  ; 10        ;
;                                             ;           ;
; Logic elements by mode                      ;           ;
;     -- normal mode                          ; 5         ;
;     -- arithmetic mode                      ; 7         ;
;                                             ;           ;
; Total registers                             ; 14        ;
;     -- Dedicated logic registers            ; 14        ;
;     -- I/O registers                        ; 0         ;
;                                             ;           ;
; I/O pins                                    ; 337       ;
;                                             ;           ;
; Embedded Multiplier 9-bit elements          ; 0         ;
;                                             ;           ;
; Maximum fan-out node                        ; clk~input ;
; Maximum fan-out                             ; 14        ;
; Total fan-out                               ; 425       ;
; Average fan-out                             ; 0.61      ;
+---------------------------------------------+-----------+


+---------------------------------------------------------------------------------------------------------------------------------------------------------------------------------------------------------------------+
; Analysis & Synthesis Resource Utilization by Entity                                                                                                                                                                 ;
+----------------------------+---------------------+---------------------------+-------------+--------------+---------+-----------+------+--------------+-----------------------+----------------------+--------------+
; Compilation Hierarchy Node ; Combinational ALUTs ; Dedicated Logic Registers ; Memory Bits ; DSP Elements ; DSP 9x9 ; DSP 18x18 ; Pins ; Virtual Pins ; Full Hierarchy Name   ; Entity Name          ; Library Name ;
+----------------------------+---------------------+---------------------------+-------------+--------------+---------+-----------+------+--------------+-----------------------+----------------------+--------------+
; |multiply_accumulater      ; 12 (12)             ; 14 (14)                   ; 0           ; 0            ; 0       ; 0         ; 337  ; 0            ; |multiply_accumulater ; multiply_accumulater ; work         ;
+----------------------------+---------------------+---------------------------+-------------+--------------+---------+-----------+------+--------------+-----------------------+----------------------+--------------+
Note: For table entries with two numbers listed, the numbers in parentheses indicate the number of resources of the given type used by the specific entity alone. The numbers listed outside of parentheses indicate the total resources of the given type used by the specific entity and all of its sub-entities in the hierarchy.


Encoding Type:  One-Hot
+-----------------------------------------------------------------------------------------------------------------------+
; State Machine - |multiply_accumulater|state                                                                           ;
+---------------------+------------------+-------------------+-----------------+------------------+---------------------+
; Name                ; state.DONE_STATE ; state.MERGE_STATE ; state.ADD_STATE ; state.MULT_STATE ; state.INITIAL_STATE ;
+---------------------+------------------+-------------------+-----------------+------------------+---------------------+
; state.INITIAL_STATE ; 0                ; 0                 ; 0               ; 0                ; 0                   ;
; state.MULT_STATE    ; 0                ; 0                 ; 0               ; 1                ; 1                   ;
; state.ADD_STATE     ; 0                ; 0                 ; 1               ; 0                ; 1                   ;
; state.MERGE_STATE   ; 0                ; 1                 ; 0               ; 0                ; 1                   ;
; state.DONE_STATE    ; 1                ; 0                 ; 0               ; 0                ; 1                   ;
+---------------------+------------------+-------------------+-----------------+------------------+---------------------+


+---------------------------------------------------------------------------------+
; Registers Removed During Synthesis                                              ;
+----------------------------------------+----------------------------------------+
; Register name                          ; Reason for Removal                     ;
+----------------------------------------+----------------------------------------+
; result[0..63]                          ; Stuck at GND due to stuck port data_in ;
; Total Number of Removed Registers = 64 ;                                        ;
+----------------------------------------+----------------------------------------+


+------------------------------------------------------+
; General Register Statistics                          ;
+----------------------------------------------+-------+
; Statistic                                    ; Value ;
+----------------------------------------------+-------+
; Total registers                              ; 14    ;
; Number of registers using Synchronous Clear  ; 8     ;
; Number of registers using Synchronous Load   ; 0     ;
; Number of registers using Asynchronous Clear ; 6     ;
; Number of registers using Asynchronous Load  ; 0     ;
; Number of registers using Clock Enable       ; 8     ;
; Number of registers using Preset             ; 0     ;
+----------------------------------------------+-------+


+---------------------------------------------------------------------------------------------------------------------------------------------------------+
; Multiplexer Restructuring Statistics (Restructuring Performed)                                                                                          ;
+--------------------+-----------+---------------+----------------------+------------------------+------------+-------------------------------------------+
; Multiplexer Inputs ; Bus Width ; Baseline Area ; Area if Restructured ; Saving if Restructured ; Registered ; Example Multiplexer Output                ;
+--------------------+-----------+---------------+----------------------+------------------------+------------+-------------------------------------------+
; 6:1                ; 8 bits    ; 32 LEs        ; 8 LEs                ; 24 LEs                 ; Yes        ; |multiply_accumulater|clocks_taken_int[0] ;
+--------------------+-----------+---------------+----------------------+------------------------+------------+-------------------------------------------+


+-----------------------------------------------------+
; Post-Synthesis Netlist Statistics for Top Partition ;
+-----------------------+-----------------------------+
; Type                  ; Count                       ;
+-----------------------+-----------------------------+
; boundary_port         ; 337                         ;
; cycloneiii_ff         ; 14                          ;
;     CLR               ; 6                           ;
;     ENA SCLR          ; 8                           ;
; cycloneiii_lcell_comb ; 14                          ;
;     arith             ; 7                           ;
;         2 data inputs ; 7                           ;
;     normal            ; 7                           ;
;         0 data inputs ; 1                           ;
;         1 data inputs ; 3                           ;
;         2 data inputs ; 1                           ;
;         3 data inputs ; 2                           ;
;                       ;                             ;
; Max LUT depth         ; 1.70                        ;
; Average LUT depth     ; 1.12                        ;
+-----------------------+-----------------------------+


+-------------------------------+
; Elapsed Time Per Partition    ;
+----------------+--------------+
; Partition Name ; Elapsed Time ;
+----------------+--------------+
; Top            ; 00:00:00     ;
+----------------+--------------+


+-------------------------------+
; Analysis & Synthesis Messages ;
+-------------------------------+
Info: *******************************************************************
Info: Running Quartus Prime Analysis & Synthesis
    Info: Version 16.1.0 Build 196 10/24/2016 SJ Standard Edition
    Info: Processing started: Sun Nov 15 23:54:24 2020
Info: Command: quartus_map --read_settings_files=on --write_settings_files=off multiply_accumulator -c multiply_accumulator
Warning (18236): Number of processors has not been specified which may cause overloading on shared machines.  Set the global assignment NUM_PARALLEL_PROCESSORS in your QSF to an appropriate value for best performance.
Info (20030): Parallel compilation is enabled and will use 4 of the 4 processors detected
Info (12021): Found 2 design units, including 1 entities, in source file multiply_accumulator.vhd
    Info (12022): Found design unit 1: multiply_accumulater-multiply_accumulater_RTL File: E:/CycloneVI/mac/proj/multiply_accumulator.vhd Line: 20
    Info (12023): Found entity 1: multiply_accumulater File: E:/CycloneVI/mac/proj/multiply_accumulator.vhd Line: 6
Info (12021): Found 2 design units, including 1 entities, in source file testbench/multiply_accumulater_tb.vhd
    Info (12022): Found design unit 1: multiply_accumulater_tb-multiply_accumulater_RTL_tb File: E:/CycloneVI/mac/proj/testbench/multiply_accumulater_tb.vhd Line: 9
    Info (12023): Found entity 1: multiply_accumulater_tb File: E:/CycloneVI/mac/proj/testbench/multiply_accumulater_tb.vhd Line: 6
Info (12127): Elaborating entity "multiply_accumulater" for the top level hierarchy
Warning (10036): Verilog HDL or VHDL warning at multiply_accumulator.vhd(52): object "result_temp" assigned a value but never read File: E:/CycloneVI/mac/proj/multiply_accumulator.vhd Line: 52
Warning (13024): Output pins are stuck at VCC or GND
    Warning (13410): Pin "sum[0]" is stuck at GND File: E:/CycloneVI/mac/proj/multiply_accumulator.vhd Line: 11
    Warning (13410): Pin "sum[1]" is stuck at GND File: E:/CycloneVI/mac/proj/multiply_accumulator.vhd Line: 11
    Warning (13410): Pin "sum[2]" is stuck at GND File: E:/CycloneVI/mac/proj/multiply_accumulator.vhd Line: 11
    Warning (13410): Pin "sum[3]" is stuck at GND File: E:/CycloneVI/mac/proj/multiply_accumulator.vhd Line: 11
    Warning (13410): Pin "sum[4]" is stuck at GND File: E:/CycloneVI/mac/proj/multiply_accumulator.vhd Line: 11
    Warning (13410): Pin "sum[5]" is stuck at GND File: E:/CycloneVI/mac/proj/multiply_accumulator.vhd Line: 11
    Warning (13410): Pin "sum[6]" is stuck at GND File: E:/CycloneVI/mac/proj/multiply_accumulator.vhd Line: 11
    Warning (13410): Pin "sum[7]" is stuck at GND File: E:/CycloneVI/mac/proj/multiply_accumulator.vhd Line: 11
    Warning (13410): Pin "sum[8]" is stuck at GND File: E:/CycloneVI/mac/proj/multiply_accumulator.vhd Line: 11
    Warning (13410): Pin "sum[9]" is stuck at GND File: E:/CycloneVI/mac/proj/multiply_accumulator.vhd Line: 11
    Warning (13410): Pin "sum[10]" is stuck at GND File: E:/CycloneVI/mac/proj/multiply_accumulator.vhd Line: 11
    Warning (13410): Pin "sum[11]" is stuck at GND File: E:/CycloneVI/mac/proj/multiply_accumulator.vhd Line: 11
    Warning (13410): Pin "sum[12]" is stuck at GND File: E:/CycloneVI/mac/proj/multiply_accumulator.vhd Line: 11
    Warning (13410): Pin "sum[13]" is stuck at GND File: E:/CycloneVI/mac/proj/multiply_accumulator.vhd Line: 11
    Warning (13410): Pin "sum[14]" is stuck at GND File: E:/CycloneVI/mac/proj/multiply_accumulator.vhd Line: 11
    Warning (13410): Pin "sum[15]" is stuck at GND File: E:/CycloneVI/mac/proj/multiply_accumulator.vhd Line: 11
    Warning (13410): Pin "sum[16]" is stuck at GND File: E:/CycloneVI/mac/proj/multiply_accumulator.vhd Line: 11
    Warning (13410): Pin "sum[17]" is stuck at GND File: E:/CycloneVI/mac/proj/multiply_accumulator.vhd Line: 11
    Warning (13410): Pin "sum[18]" is stuck at GND File: E:/CycloneVI/mac/proj/multiply_accumulator.vhd Line: 11
    Warning (13410): Pin "sum[19]" is stuck at GND File: E:/CycloneVI/mac/proj/multiply_accumulator.vhd Line: 11
    Warning (13410): Pin "sum[20]" is stuck at GND File: E:/CycloneVI/mac/proj/multiply_accumulator.vhd Line: 11
    Warning (13410): Pin "sum[21]" is stuck at GND File: E:/CycloneVI/mac/proj/multiply_accumulator.vhd Line: 11
    Warning (13410): Pin "sum[22]" is stuck at GND File: E:/CycloneVI/mac/proj/multiply_accumulator.vhd Line: 11
    Warning (13410): Pin "sum[23]" is stuck at GND File: E:/CycloneVI/mac/proj/multiply_accumulator.vhd Line: 11
    Warning (13410): Pin "sum[24]" is stuck at GND File: E:/CycloneVI/mac/proj/multiply_accumulator.vhd Line: 11
    Warning (13410): Pin "sum[25]" is stuck at GND File: E:/CycloneVI/mac/proj/multiply_accumulator.vhd Line: 11
    Warning (13410): Pin "sum[26]" is stuck at GND File: E:/CycloneVI/mac/proj/multiply_accumulator.vhd Line: 11
    Warning (13410): Pin "sum[27]" is stuck at GND File: E:/CycloneVI/mac/proj/multiply_accumulator.vhd Line: 11
    Warning (13410): Pin "sum[28]" is stuck at GND File: E:/CycloneVI/mac/proj/multiply_accumulator.vhd Line: 11
    Warning (13410): Pin "sum[29]" is stuck at GND File: E:/CycloneVI/mac/proj/multiply_accumulator.vhd Line: 11
    Warning (13410): Pin "sum[30]" is stuck at GND File: E:/CycloneVI/mac/proj/multiply_accumulator.vhd Line: 11
    Warning (13410): Pin "sum[31]" is stuck at GND File: E:/CycloneVI/mac/proj/multiply_accumulator.vhd Line: 11
    Warning (13410): Pin "sum[32]" is stuck at GND File: E:/CycloneVI/mac/proj/multiply_accumulator.vhd Line: 11
    Warning (13410): Pin "sum[33]" is stuck at GND File: E:/CycloneVI/mac/proj/multiply_accumulator.vhd Line: 11
    Warning (13410): Pin "sum[34]" is stuck at GND File: E:/CycloneVI/mac/proj/multiply_accumulator.vhd Line: 11
    Warning (13410): Pin "sum[35]" is stuck at GND File: E:/CycloneVI/mac/proj/multiply_accumulator.vhd Line: 11
    Warning (13410): Pin "sum[36]" is stuck at GND File: E:/CycloneVI/mac/proj/multiply_accumulator.vhd Line: 11
    Warning (13410): Pin "sum[37]" is stuck at GND File: E:/CycloneVI/mac/proj/multiply_accumulator.vhd Line: 11
    Warning (13410): Pin "sum[38]" is stuck at GND File: E:/CycloneVI/mac/proj/multiply_accumulator.vhd Line: 11
    Warning (13410): Pin "sum[39]" is stuck at GND File: E:/CycloneVI/mac/proj/multiply_accumulator.vhd Line: 11
    Warning (13410): Pin "sum[40]" is stuck at GND File: E:/CycloneVI/mac/proj/multiply_accumulator.vhd Line: 11
    Warning (13410): Pin "sum[41]" is stuck at GND File: E:/CycloneVI/mac/proj/multiply_accumulator.vhd Line: 11
    Warning (13410): Pin "sum[42]" is stuck at GND File: E:/CycloneVI/mac/proj/multiply_accumulator.vhd Line: 11
    Warning (13410): Pin "sum[43]" is stuck at GND File: E:/CycloneVI/mac/proj/multiply_accumulator.vhd Line: 11
    Warning (13410): Pin "sum[44]" is stuck at GND File: E:/CycloneVI/mac/proj/multiply_accumulator.vhd Line: 11
    Warning (13410): Pin "sum[45]" is stuck at GND File: E:/CycloneVI/mac/proj/multiply_accumulator.vhd Line: 11
    Warning (13410): Pin "sum[46]" is stuck at GND File: E:/CycloneVI/mac/proj/multiply_accumulator.vhd Line: 11
    Warning (13410): Pin "sum[47]" is stuck at GND File: E:/CycloneVI/mac/proj/multiply_accumulator.vhd Line: 11
    Warning (13410): Pin "sum[48]" is stuck at GND File: E:/CycloneVI/mac/proj/multiply_accumulator.vhd Line: 11
    Warning (13410): Pin "sum[49]" is stuck at GND File: E:/CycloneVI/mac/proj/multiply_accumulator.vhd Line: 11
    Warning (13410): Pin "sum[50]" is stuck at GND File: E:/CycloneVI/mac/proj/multiply_accumulator.vhd Line: 11
    Warning (13410): Pin "sum[51]" is stuck at GND File: E:/CycloneVI/mac/proj/multiply_accumulator.vhd Line: 11
    Warning (13410): Pin "sum[52]" is stuck at GND File: E:/CycloneVI/mac/proj/multiply_accumulator.vhd Line: 11
    Warning (13410): Pin "sum[53]" is stuck at GND File: E:/CycloneVI/mac/proj/multiply_accumulator.vhd Line: 11
    Warning (13410): Pin "sum[54]" is stuck at GND File: E:/CycloneVI/mac/proj/multiply_accumulator.vhd Line: 11
    Warning (13410): Pin "sum[55]" is stuck at GND File: E:/CycloneVI/mac/proj/multiply_accumulator.vhd Line: 11
    Warning (13410): Pin "sum[56]" is stuck at GND File: E:/CycloneVI/mac/proj/multiply_accumulator.vhd Line: 11
    Warning (13410): Pin "sum[57]" is stuck at GND File: E:/CycloneVI/mac/proj/multiply_accumulator.vhd Line: 11
    Warning (13410): Pin "sum[58]" is stuck at GND File: E:/CycloneVI/mac/proj/multiply_accumulator.vhd Line: 11
    Warning (13410): Pin "sum[59]" is stuck at GND File: E:/CycloneVI/mac/proj/multiply_accumulator.vhd Line: 11
    Warning (13410): Pin "sum[60]" is stuck at GND File: E:/CycloneVI/mac/proj/multiply_accumulator.vhd Line: 11
    Warning (13410): Pin "sum[61]" is stuck at GND File: E:/CycloneVI/mac/proj/multiply_accumulator.vhd Line: 11
    Warning (13410): Pin "sum[62]" is stuck at GND File: E:/CycloneVI/mac/proj/multiply_accumulator.vhd Line: 11
    Warning (13410): Pin "sum[63]" is stuck at GND File: E:/CycloneVI/mac/proj/multiply_accumulator.vhd Line: 11
Info (286030): Timing-Driven Synthesis is running
Info (16010): Generating hard_block partition "hard_block:auto_generated_inst"
    Info (16011): Adding 0 node(s), including 0 DDIO, 0 PLL, 0 transceiver and 0 LCELL
Warning (21074): Design contains 256 input pin(s) that do not drive logic
    Warning (15610): No output dependent on input pin "input0[0]" File: E:/CycloneVI/mac/proj/multiply_accumulator.vhd Line: 9
    Warning (15610): No output dependent on input pin "input0[1]" File: E:/CycloneVI/mac/proj/multiply_accumulator.vhd Line: 9
    Warning (15610): No output dependent on input pin "input0[2]" File: E:/CycloneVI/mac/proj/multiply_accumulator.vhd Line: 9
    Warning (15610): No output dependent on input pin "input0[3]" File: E:/CycloneVI/mac/proj/multiply_accumulator.vhd Line: 9
    Warning (15610): No output dependent on input pin "input0[4]" File: E:/CycloneVI/mac/proj/multiply_accumulator.vhd Line: 9
    Warning (15610): No output dependent on input pin "input0[5]" File: E:/CycloneVI/mac/proj/multiply_accumulator.vhd Line: 9
    Warning (15610): No output dependent on input pin "input0[6]" File: E:/CycloneVI/mac/proj/multiply_accumulator.vhd Line: 9
    Warning (15610): No output dependent on input pin "input0[7]" File: E:/CycloneVI/mac/proj/multiply_accumulator.vhd Line: 9
    Warning (15610): No output dependent on input pin "input0[8]" File: E:/CycloneVI/mac/proj/multiply_accumulator.vhd Line: 9
    Warning (15610): No output dependent on input pin "input0[9]" File: E:/CycloneVI/mac/proj/multiply_accumulator.vhd Line: 9
    Warning (15610): No output dependent on input pin "input0[10]" File: E:/CycloneVI/mac/proj/multiply_accumulator.vhd Line: 9
    Warning (15610): No output dependent on input pin "input0[11]" File: E:/CycloneVI/mac/proj/multiply_accumulator.vhd Line: 9
    Warning (15610): No output dependent on input pin "input0[12]" File: E:/CycloneVI/mac/proj/multiply_accumulator.vhd Line: 9
    Warning (15610): No output dependent on input pin "input0[13]" File: E:/CycloneVI/mac/proj/multiply_accumulator.vhd Line: 9
    Warning (15610): No output dependent on input pin "input0[14]" File: E:/CycloneVI/mac/proj/multiply_accumulator.vhd Line: 9
    Warning (15610): No output dependent on input pin "input0[15]" File: E:/CycloneVI/mac/proj/multiply_accumulator.vhd Line: 9
    Warning (15610): No output dependent on input pin "input0[16]" File: E:/CycloneVI/mac/proj/multiply_accumulator.vhd Line: 9
    Warning (15610): No output dependent on input pin "input0[17]" File: E:/CycloneVI/mac/proj/multiply_accumulator.vhd Line: 9
    Warning (15610): No output dependent on input pin "input0[18]" File: E:/CycloneVI/mac/proj/multiply_accumulator.vhd Line: 9
    Warning (15610): No output dependent on input pin "input0[19]" File: E:/CycloneVI/mac/proj/multiply_accumulator.vhd Line: 9
    Warning (15610): No output dependent on input pin "input0[20]" File: E:/CycloneVI/mac/proj/multiply_accumulator.vhd Line: 9
    Warning (15610): No output dependent on input pin "input0[21]" File: E:/CycloneVI/mac/proj/multiply_accumulator.vhd Line: 9
    Warning (15610): No output dependent on input pin "input0[22]" File: E:/CycloneVI/mac/proj/multiply_accumulator.vhd Line: 9
    Warning (15610): No output dependent on input pin "input0[23]" File: E:/CycloneVI/mac/proj/multiply_accumulator.vhd Line: 9
    Warning (15610): No output dependent on input pin "input0[24]" File: E:/CycloneVI/mac/proj/multiply_accumulator.vhd Line: 9
    Warning (15610): No output dependent on input pin "input0[25]" File: E:/CycloneVI/mac/proj/multiply_accumulator.vhd Line: 9
    Warning (15610): No output dependent on input pin "input0[26]" File: E:/CycloneVI/mac/proj/multiply_accumulator.vhd Line: 9
    Warning (15610): No output dependent on input pin "input0[27]" File: E:/CycloneVI/mac/proj/multiply_accumulator.vhd Line: 9
    Warning (15610): No output dependent on input pin "input0[28]" File: E:/CycloneVI/mac/proj/multiply_accumulator.vhd Line: 9
    Warning (15610): No output dependent on input pin "input0[29]" File: E:/CycloneVI/mac/proj/multiply_accumulator.vhd Line: 9
    Warning (15610): No output dependent on input pin "input0[30]" File: E:/CycloneVI/mac/proj/multiply_accumulator.vhd Line: 9
    Warning (15610): No output dependent on input pin "input0[31]" File: E:/CycloneVI/mac/proj/multiply_accumulator.vhd Line: 9
    Warning (15610): No output dependent on input pin "input1[0]" File: E:/CycloneVI/mac/proj/multiply_accumulator.vhd Line: 9
    Warning (15610): No output dependent on input pin "input1[1]" File: E:/CycloneVI/mac/proj/multiply_accumulator.vhd Line: 9
    Warning (15610): No output dependent on input pin "input1[2]" File: E:/CycloneVI/mac/proj/multiply_accumulator.vhd Line: 9
    Warning (15610): No output dependent on input pin "input1[3]" File: E:/CycloneVI/mac/proj/multiply_accumulator.vhd Line: 9
    Warning (15610): No output dependent on input pin "input1[4]" File: E:/CycloneVI/mac/proj/multiply_accumulator.vhd Line: 9
    Warning (15610): No output dependent on input pin "input1[5]" File: E:/CycloneVI/mac/proj/multiply_accumulator.vhd Line: 9
    Warning (15610): No output dependent on input pin "input1[6]" File: E:/CycloneVI/mac/proj/multiply_accumulator.vhd Line: 9
    Warning (15610): No output dependent on input pin "input1[7]" File: E:/CycloneVI/mac/proj/multiply_accumulator.vhd Line: 9
    Warning (15610): No output dependent on input pin "input1[8]" File: E:/CycloneVI/mac/proj/multiply_accumulator.vhd Line: 9
    Warning (15610): No output dependent on input pin "input1[9]" File: E:/CycloneVI/mac/proj/multiply_accumulator.vhd Line: 9
    Warning (15610): No output dependent on input pin "input1[10]" File: E:/CycloneVI/mac/proj/multiply_accumulator.vhd Line: 9
    Warning (15610): No output dependent on input pin "input1[11]" File: E:/CycloneVI/mac/proj/multiply_accumulator.vhd Line: 9
    Warning (15610): No output dependent on input pin "input1[12]" File: E:/CycloneVI/mac/proj/multiply_accumulator.vhd Line: 9
    Warning (15610): No output dependent on input pin "input1[13]" File: E:/CycloneVI/mac/proj/multiply_accumulator.vhd Line: 9
    Warning (15610): No output dependent on input pin "input1[14]" File: E:/CycloneVI/mac/proj/multiply_accumulator.vhd Line: 9
    Warning (15610): No output dependent on input pin "input1[15]" File: E:/CycloneVI/mac/proj/multiply_accumulator.vhd Line: 9
    Warning (15610): No output dependent on input pin "input1[16]" File: E:/CycloneVI/mac/proj/multiply_accumulator.vhd Line: 9
    Warning (15610): No output dependent on input pin "input1[17]" File: E:/CycloneVI/mac/proj/multiply_accumulator.vhd Line: 9
    Warning (15610): No output dependent on input pin "input1[18]" File: E:/CycloneVI/mac/proj/multiply_accumulator.vhd Line: 9
    Warning (15610): No output dependent on input pin "input1[19]" File: E:/CycloneVI/mac/proj/multiply_accumulator.vhd Line: 9
    Warning (15610): No output dependent on input pin "input1[20]" File: E:/CycloneVI/mac/proj/multiply_accumulator.vhd Line: 9
    Warning (15610): No output dependent on input pin "input1[21]" File: E:/CycloneVI/mac/proj/multiply_accumulator.vhd Line: 9
    Warning (15610): No output dependent on input pin "input1[22]" File: E:/CycloneVI/mac/proj/multiply_accumulator.vhd Line: 9
    Warning (15610): No output dependent on input pin "input1[23]" File: E:/CycloneVI/mac/proj/multiply_accumulator.vhd Line: 9
    Warning (15610): No output dependent on input pin "input1[24]" File: E:/CycloneVI/mac/proj/multiply_accumulator.vhd Line: 9
    Warning (15610): No output dependent on input pin "input1[25]" File: E:/CycloneVI/mac/proj/multiply_accumulator.vhd Line: 9
    Warning (15610): No output dependent on input pin "input1[26]" File: E:/CycloneVI/mac/proj/multiply_accumulator.vhd Line: 9
    Warning (15610): No output dependent on input pin "input1[27]" File: E:/CycloneVI/mac/proj/multiply_accumulator.vhd Line: 9
    Warning (15610): No output dependent on input pin "input1[28]" File: E:/CycloneVI/mac/proj/multiply_accumulator.vhd Line: 9
    Warning (15610): No output dependent on input pin "input1[29]" File: E:/CycloneVI/mac/proj/multiply_accumulator.vhd Line: 9
    Warning (15610): No output dependent on input pin "input1[30]" File: E:/CycloneVI/mac/proj/multiply_accumulator.vhd Line: 9
    Warning (15610): No output dependent on input pin "input1[31]" File: E:/CycloneVI/mac/proj/multiply_accumulator.vhd Line: 9
    Warning (15610): No output dependent on input pin "inpu2[0]" File: E:/CycloneVI/mac/proj/multiply_accumulator.vhd Line: 9
    Warning (15610): No output dependent on input pin "inpu2[1]" File: E:/CycloneVI/mac/proj/multiply_accumulator.vhd Line: 9
    Warning (15610): No output dependent on input pin "inpu2[2]" File: E:/CycloneVI/mac/proj/multiply_accumulator.vhd Line: 9
    Warning (15610): No output dependent on input pin "inpu2[3]" File: E:/CycloneVI/mac/proj/multiply_accumulator.vhd Line: 9
    Warning (15610): No output dependent on input pin "inpu2[4]" File: E:/CycloneVI/mac/proj/multiply_accumulator.vhd Line: 9
    Warning (15610): No output dependent on input pin "inpu2[5]" File: E:/CycloneVI/mac/proj/multiply_accumulator.vhd Line: 9
    Warning (15610): No output dependent on input pin "inpu2[6]" File: E:/CycloneVI/mac/proj/multiply_accumulator.vhd Line: 9
    Warning (15610): No output dependent on input pin "inpu2[7]" File: E:/CycloneVI/mac/proj/multiply_accumulator.vhd Line: 9
    Warning (15610): No output dependent on input pin "inpu2[8]" File: E:/CycloneVI/mac/proj/multiply_accumulator.vhd Line: 9
    Warning (15610): No output dependent on input pin "inpu2[9]" File: E:/CycloneVI/mac/proj/multiply_accumulator.vhd Line: 9
    Warning (15610): No output dependent on input pin "inpu2[10]" File: E:/CycloneVI/mac/proj/multiply_accumulator.vhd Line: 9
    Warning (15610): No output dependent on input pin "inpu2[11]" File: E:/CycloneVI/mac/proj/multiply_accumulator.vhd Line: 9
    Warning (15610): No output dependent on input pin "inpu2[12]" File: E:/CycloneVI/mac/proj/multiply_accumulator.vhd Line: 9
    Warning (15610): No output dependent on input pin "inpu2[13]" File: E:/CycloneVI/mac/proj/multiply_accumulator.vhd Line: 9
    Warning (15610): No output dependent on input pin "inpu2[14]" File: E:/CycloneVI/mac/proj/multiply_accumulator.vhd Line: 9
    Warning (15610): No output dependent on input pin "inpu2[15]" File: E:/CycloneVI/mac/proj/multiply_accumulator.vhd Line: 9
    Warning (15610): No output dependent on input pin "inpu2[16]" File: E:/CycloneVI/mac/proj/multiply_accumulator.vhd Line: 9
    Warning (15610): No output dependent on input pin "inpu2[17]" File: E:/CycloneVI/mac/proj/multiply_accumulator.vhd Line: 9
    Warning (15610): No output dependent on input pin "inpu2[18]" File: E:/CycloneVI/mac/proj/multiply_accumulator.vhd Line: 9
    Warning (15610): No output dependent on input pin "inpu2[19]" File: E:/CycloneVI/mac/proj/multiply_accumulator.vhd Line: 9
    Warning (15610): No output dependent on input pin "inpu2[20]" File: E:/CycloneVI/mac/proj/multiply_accumulator.vhd Line: 9
    Warning (15610): No output dependent on input pin "inpu2[21]" File: E:/CycloneVI/mac/proj/multiply_accumulator.vhd Line: 9
    Warning (15610): No output dependent on input pin "inpu2[22]" File: E:/CycloneVI/mac/proj/multiply_accumulator.vhd Line: 9
    Warning (15610): No output dependent on input pin "inpu2[23]" File: E:/CycloneVI/mac/proj/multiply_accumulator.vhd Line: 9
    Warning (15610): No output dependent on input pin "inpu2[24]" File: E:/CycloneVI/mac/proj/multiply_accumulator.vhd Line: 9
    Warning (15610): No output dependent on input pin "inpu2[25]" File: E:/CycloneVI/mac/proj/multiply_accumulator.vhd Line: 9
    Warning (15610): No output dependent on input pin "inpu2[26]" File: E:/CycloneVI/mac/proj/multiply_accumulator.vhd Line: 9
    Warning (15610): No output dependent on input pin "inpu2[27]" File: E:/CycloneVI/mac/proj/multiply_accumulator.vhd Line: 9
    Warning (15610): No output dependent on input pin "inpu2[28]" File: E:/CycloneVI/mac/proj/multiply_accumulator.vhd Line: 9
    Warning (15610): No output dependent on input pin "inpu2[29]" File: E:/CycloneVI/mac/proj/multiply_accumulator.vhd Line: 9
    Warning (15610): No output dependent on input pin "inpu2[30]" File: E:/CycloneVI/mac/proj/multiply_accumulator.vhd Line: 9
    Warning (15610): No output dependent on input pin "inpu2[31]" File: E:/CycloneVI/mac/proj/multiply_accumulator.vhd Line: 9
    Warning (15610): No output dependent on input pin "input3[0]" File: E:/CycloneVI/mac/proj/multiply_accumulator.vhd Line: 9
    Warning (15610): No output dependent on input pin "input3[1]" File: E:/CycloneVI/mac/proj/multiply_accumulator.vhd Line: 9
    Warning (15610): No output dependent on input pin "input3[2]" File: E:/CycloneVI/mac/proj/multiply_accumulator.vhd Line: 9
    Warning (15610): No output dependent on input pin "input3[3]" File: E:/CycloneVI/mac/proj/multiply_accumulator.vhd Line: 9
    Warning (15610): No output dependent on input pin "input3[4]" File: E:/CycloneVI/mac/proj/multiply_accumulator.vhd Line: 9
    Warning (15610): No output dependent on input pin "input3[5]" File: E:/CycloneVI/mac/proj/multiply_accumulator.vhd Line: 9
    Warning (15610): No output dependent on input pin "input3[6]" File: E:/CycloneVI/mac/proj/multiply_accumulator.vhd Line: 9
    Warning (15610): No output dependent on input pin "input3[7]" File: E:/CycloneVI/mac/proj/multiply_accumulator.vhd Line: 9
    Warning (15610): No output dependent on input pin "input3[8]" File: E:/CycloneVI/mac/proj/multiply_accumulator.vhd Line: 9
    Warning (15610): No output dependent on input pin "input3[9]" File: E:/CycloneVI/mac/proj/multiply_accumulator.vhd Line: 9
    Warning (15610): No output dependent on input pin "input3[10]" File: E:/CycloneVI/mac/proj/multiply_accumulator.vhd Line: 9
    Warning (15610): No output dependent on input pin "input3[11]" File: E:/CycloneVI/mac/proj/multiply_accumulator.vhd Line: 9
    Warning (15610): No output dependent on input pin "input3[12]" File: E:/CycloneVI/mac/proj/multiply_accumulator.vhd Line: 9
    Warning (15610): No output dependent on input pin "input3[13]" File: E:/CycloneVI/mac/proj/multiply_accumulator.vhd Line: 9
    Warning (15610): No output dependent on input pin "input3[14]" File: E:/CycloneVI/mac/proj/multiply_accumulator.vhd Line: 9
    Warning (15610): No output dependent on input pin "input3[15]" File: E:/CycloneVI/mac/proj/multiply_accumulator.vhd Line: 9
    Warning (15610): No output dependent on input pin "input3[16]" File: E:/CycloneVI/mac/proj/multiply_accumulator.vhd Line: 9
    Warning (15610): No output dependent on input pin "input3[17]" File: E:/CycloneVI/mac/proj/multiply_accumulator.vhd Line: 9
    Warning (15610): No output dependent on input pin "input3[18]" File: E:/CycloneVI/mac/proj/multiply_accumulator.vhd Line: 9
    Warning (15610): No output dependent on input pin "input3[19]" File: E:/CycloneVI/mac/proj/multiply_accumulator.vhd Line: 9
    Warning (15610): No output dependent on input pin "input3[20]" File: E:/CycloneVI/mac/proj/multiply_accumulator.vhd Line: 9
    Warning (15610): No output dependent on input pin "input3[21]" File: E:/CycloneVI/mac/proj/multiply_accumulator.vhd Line: 9
    Warning (15610): No output dependent on input pin "input3[22]" File: E:/CycloneVI/mac/proj/multiply_accumulator.vhd Line: 9
    Warning (15610): No output dependent on input pin "input3[23]" File: E:/CycloneVI/mac/proj/multiply_accumulator.vhd Line: 9
    Warning (15610): No output dependent on input pin "input3[24]" File: E:/CycloneVI/mac/proj/multiply_accumulator.vhd Line: 9
    Warning (15610): No output dependent on input pin "input3[25]" File: E:/CycloneVI/mac/proj/multiply_accumulator.vhd Line: 9
    Warning (15610): No output dependent on input pin "input3[26]" File: E:/CycloneVI/mac/proj/multiply_accumulator.vhd Line: 9
    Warning (15610): No output dependent on input pin "input3[27]" File: E:/CycloneVI/mac/proj/multiply_accumulator.vhd Line: 9
    Warning (15610): No output dependent on input pin "input3[28]" File: E:/CycloneVI/mac/proj/multiply_accumulator.vhd Line: 9
    Warning (15610): No output dependent on input pin "input3[29]" File: E:/CycloneVI/mac/proj/multiply_accumulator.vhd Line: 9
    Warning (15610): No output dependent on input pin "input3[30]" File: E:/CycloneVI/mac/proj/multiply_accumulator.vhd Line: 9
    Warning (15610): No output dependent on input pin "input3[31]" File: E:/CycloneVI/mac/proj/multiply_accumulator.vhd Line: 9
    Warning (15610): No output dependent on input pin "input4[0]" File: E:/CycloneVI/mac/proj/multiply_accumulator.vhd Line: 9
    Warning (15610): No output dependent on input pin "input4[1]" File: E:/CycloneVI/mac/proj/multiply_accumulator.vhd Line: 9
    Warning (15610): No output dependent on input pin "input4[2]" File: E:/CycloneVI/mac/proj/multiply_accumulator.vhd Line: 9
    Warning (15610): No output dependent on input pin "input4[3]" File: E:/CycloneVI/mac/proj/multiply_accumulator.vhd Line: 9
    Warning (15610): No output dependent on input pin "input4[4]" File: E:/CycloneVI/mac/proj/multiply_accumulator.vhd Line: 9
    Warning (15610): No output dependent on input pin "input4[5]" File: E:/CycloneVI/mac/proj/multiply_accumulator.vhd Line: 9
    Warning (15610): No output dependent on input pin "input4[6]" File: E:/CycloneVI/mac/proj/multiply_accumulator.vhd Line: 9
    Warning (15610): No output dependent on input pin "input4[7]" File: E:/CycloneVI/mac/proj/multiply_accumulator.vhd Line: 9
    Warning (15610): No output dependent on input pin "input4[8]" File: E:/CycloneVI/mac/proj/multiply_accumulator.vhd Line: 9
    Warning (15610): No output dependent on input pin "input4[9]" File: E:/CycloneVI/mac/proj/multiply_accumulator.vhd Line: 9
    Warning (15610): No output dependent on input pin "input4[10]" File: E:/CycloneVI/mac/proj/multiply_accumulator.vhd Line: 9
    Warning (15610): No output dependent on input pin "input4[11]" File: E:/CycloneVI/mac/proj/multiply_accumulator.vhd Line: 9
    Warning (15610): No output dependent on input pin "input4[12]" File: E:/CycloneVI/mac/proj/multiply_accumulator.vhd Line: 9
    Warning (15610): No output dependent on input pin "input4[13]" File: E:/CycloneVI/mac/proj/multiply_accumulator.vhd Line: 9
    Warning (15610): No output dependent on input pin "input4[14]" File: E:/CycloneVI/mac/proj/multiply_accumulator.vhd Line: 9
    Warning (15610): No output dependent on input pin "input4[15]" File: E:/CycloneVI/mac/proj/multiply_accumulator.vhd Line: 9
    Warning (15610): No output dependent on input pin "input4[16]" File: E:/CycloneVI/mac/proj/multiply_accumulator.vhd Line: 9
    Warning (15610): No output dependent on input pin "input4[17]" File: E:/CycloneVI/mac/proj/multiply_accumulator.vhd Line: 9
    Warning (15610): No output dependent on input pin "input4[18]" File: E:/CycloneVI/mac/proj/multiply_accumulator.vhd Line: 9
    Warning (15610): No output dependent on input pin "input4[19]" File: E:/CycloneVI/mac/proj/multiply_accumulator.vhd Line: 9
    Warning (15610): No output dependent on input pin "input4[20]" File: E:/CycloneVI/mac/proj/multiply_accumulator.vhd Line: 9
    Warning (15610): No output dependent on input pin "input4[21]" File: E:/CycloneVI/mac/proj/multiply_accumulator.vhd Line: 9
    Warning (15610): No output dependent on input pin "input4[22]" File: E:/CycloneVI/mac/proj/multiply_accumulator.vhd Line: 9
    Warning (15610): No output dependent on input pin "input4[23]" File: E:/CycloneVI/mac/proj/multiply_accumulator.vhd Line: 9
    Warning (15610): No output dependent on input pin "input4[24]" File: E:/CycloneVI/mac/proj/multiply_accumulator.vhd Line: 9
    Warning (15610): No output dependent on input pin "input4[25]" File: E:/CycloneVI/mac/proj/multiply_accumulator.vhd Line: 9
    Warning (15610): No output dependent on input pin "input4[26]" File: E:/CycloneVI/mac/proj/multiply_accumulator.vhd Line: 9
    Warning (15610): No output dependent on input pin "input4[27]" File: E:/CycloneVI/mac/proj/multiply_accumulator.vhd Line: 9
    Warning (15610): No output dependent on input pin "input4[28]" File: E:/CycloneVI/mac/proj/multiply_accumulator.vhd Line: 9
    Warning (15610): No output dependent on input pin "input4[29]" File: E:/CycloneVI/mac/proj/multiply_accumulator.vhd Line: 9
    Warning (15610): No output dependent on input pin "input4[30]" File: E:/CycloneVI/mac/proj/multiply_accumulator.vhd Line: 9
    Warning (15610): No output dependent on input pin "input4[31]" File: E:/CycloneVI/mac/proj/multiply_accumulator.vhd Line: 9
    Warning (15610): No output dependent on input pin "input5[0]" File: E:/CycloneVI/mac/proj/multiply_accumulator.vhd Line: 9
    Warning (15610): No output dependent on input pin "input5[1]" File: E:/CycloneVI/mac/proj/multiply_accumulator.vhd Line: 9
    Warning (15610): No output dependent on input pin "input5[2]" File: E:/CycloneVI/mac/proj/multiply_accumulator.vhd Line: 9
    Warning (15610): No output dependent on input pin "input5[3]" File: E:/CycloneVI/mac/proj/multiply_accumulator.vhd Line: 9
    Warning (15610): No output dependent on input pin "input5[4]" File: E:/CycloneVI/mac/proj/multiply_accumulator.vhd Line: 9
    Warning (15610): No output dependent on input pin "input5[5]" File: E:/CycloneVI/mac/proj/multiply_accumulator.vhd Line: 9
    Warning (15610): No output dependent on input pin "input5[6]" File: E:/CycloneVI/mac/proj/multiply_accumulator.vhd Line: 9
    Warning (15610): No output dependent on input pin "input5[7]" File: E:/CycloneVI/mac/proj/multiply_accumulator.vhd Line: 9
    Warning (15610): No output dependent on input pin "input5[8]" File: E:/CycloneVI/mac/proj/multiply_accumulator.vhd Line: 9
    Warning (15610): No output dependent on input pin "input5[9]" File: E:/CycloneVI/mac/proj/multiply_accumulator.vhd Line: 9
    Warning (15610): No output dependent on input pin "input5[10]" File: E:/CycloneVI/mac/proj/multiply_accumulator.vhd Line: 9
    Warning (15610): No output dependent on input pin "input5[11]" File: E:/CycloneVI/mac/proj/multiply_accumulator.vhd Line: 9
    Warning (15610): No output dependent on input pin "input5[12]" File: E:/CycloneVI/mac/proj/multiply_accumulator.vhd Line: 9
    Warning (15610): No output dependent on input pin "input5[13]" File: E:/CycloneVI/mac/proj/multiply_accumulator.vhd Line: 9
    Warning (15610): No output dependent on input pin "input5[14]" File: E:/CycloneVI/mac/proj/multiply_accumulator.vhd Line: 9
    Warning (15610): No output dependent on input pin "input5[15]" File: E:/CycloneVI/mac/proj/multiply_accumulator.vhd Line: 9
    Warning (15610): No output dependent on input pin "input5[16]" File: E:/CycloneVI/mac/proj/multiply_accumulator.vhd Line: 9
    Warning (15610): No output dependent on input pin "input5[17]" File: E:/CycloneVI/mac/proj/multiply_accumulator.vhd Line: 9
    Warning (15610): No output dependent on input pin "input5[18]" File: E:/CycloneVI/mac/proj/multiply_accumulator.vhd Line: 9
    Warning (15610): No output dependent on input pin "input5[19]" File: E:/CycloneVI/mac/proj/multiply_accumulator.vhd Line: 9
    Warning (15610): No output dependent on input pin "input5[20]" File: E:/CycloneVI/mac/proj/multiply_accumulator.vhd Line: 9
    Warning (15610): No output dependent on input pin "input5[21]" File: E:/CycloneVI/mac/proj/multiply_accumulator.vhd Line: 9
    Warning (15610): No output dependent on input pin "input5[22]" File: E:/CycloneVI/mac/proj/multiply_accumulator.vhd Line: 9
    Warning (15610): No output dependent on input pin "input5[23]" File: E:/CycloneVI/mac/proj/multiply_accumulator.vhd Line: 9
    Warning (15610): No output dependent on input pin "input5[24]" File: E:/CycloneVI/mac/proj/multiply_accumulator.vhd Line: 9
    Warning (15610): No output dependent on input pin "input5[25]" File: E:/CycloneVI/mac/proj/multiply_accumulator.vhd Line: 9
    Warning (15610): No output dependent on input pin "input5[26]" File: E:/CycloneVI/mac/proj/multiply_accumulator.vhd Line: 9
    Warning (15610): No output dependent on input pin "input5[27]" File: E:/CycloneVI/mac/proj/multiply_accumulator.vhd Line: 9
    Warning (15610): No output dependent on input pin "input5[28]" File: E:/CycloneVI/mac/proj/multiply_accumulator.vhd Line: 9
    Warning (15610): No output dependent on input pin "input5[29]" File: E:/CycloneVI/mac/proj/multiply_accumulator.vhd Line: 9
    Warning (15610): No output dependent on input pin "input5[30]" File: E:/CycloneVI/mac/proj/multiply_accumulator.vhd Line: 9
    Warning (15610): No output dependent on input pin "input5[31]" File: E:/CycloneVI/mac/proj/multiply_accumulator.vhd Line: 9
    Warning (15610): No output dependent on input pin "input6[0]" File: E:/CycloneVI/mac/proj/multiply_accumulator.vhd Line: 9
    Warning (15610): No output dependent on input pin "input6[1]" File: E:/CycloneVI/mac/proj/multiply_accumulator.vhd Line: 9
    Warning (15610): No output dependent on input pin "input6[2]" File: E:/CycloneVI/mac/proj/multiply_accumulator.vhd Line: 9
    Warning (15610): No output dependent on input pin "input6[3]" File: E:/CycloneVI/mac/proj/multiply_accumulator.vhd Line: 9
    Warning (15610): No output dependent on input pin "input6[4]" File: E:/CycloneVI/mac/proj/multiply_accumulator.vhd Line: 9
    Warning (15610): No output dependent on input pin "input6[5]" File: E:/CycloneVI/mac/proj/multiply_accumulator.vhd Line: 9
    Warning (15610): No output dependent on input pin "input6[6]" File: E:/CycloneVI/mac/proj/multiply_accumulator.vhd Line: 9
    Warning (15610): No output dependent on input pin "input6[7]" File: E:/CycloneVI/mac/proj/multiply_accumulator.vhd Line: 9
    Warning (15610): No output dependent on input pin "input6[8]" File: E:/CycloneVI/mac/proj/multiply_accumulator.vhd Line: 9
    Warning (15610): No output dependent on input pin "input6[9]" File: E:/CycloneVI/mac/proj/multiply_accumulator.vhd Line: 9
    Warning (15610): No output dependent on input pin "input6[10]" File: E:/CycloneVI/mac/proj/multiply_accumulator.vhd Line: 9
    Warning (15610): No output dependent on input pin "input6[11]" File: E:/CycloneVI/mac/proj/multiply_accumulator.vhd Line: 9
    Warning (15610): No output dependent on input pin "input6[12]" File: E:/CycloneVI/mac/proj/multiply_accumulator.vhd Line: 9
    Warning (15610): No output dependent on input pin "input6[13]" File: E:/CycloneVI/mac/proj/multiply_accumulator.vhd Line: 9
    Warning (15610): No output dependent on input pin "input6[14]" File: E:/CycloneVI/mac/proj/multiply_accumulator.vhd Line: 9
    Warning (15610): No output dependent on input pin "input6[15]" File: E:/CycloneVI/mac/proj/multiply_accumulator.vhd Line: 9
    Warning (15610): No output dependent on input pin "input6[16]" File: E:/CycloneVI/mac/proj/multiply_accumulator.vhd Line: 9
    Warning (15610): No output dependent on input pin "input6[17]" File: E:/CycloneVI/mac/proj/multiply_accumulator.vhd Line: 9
    Warning (15610): No output dependent on input pin "input6[18]" File: E:/CycloneVI/mac/proj/multiply_accumulator.vhd Line: 9
    Warning (15610): No output dependent on input pin "input6[19]" File: E:/CycloneVI/mac/proj/multiply_accumulator.vhd Line: 9
    Warning (15610): No output dependent on input pin "input6[20]" File: E:/CycloneVI/mac/proj/multiply_accumulator.vhd Line: 9
    Warning (15610): No output dependent on input pin "input6[21]" File: E:/CycloneVI/mac/proj/multiply_accumulator.vhd Line: 9
    Warning (15610): No output dependent on input pin "input6[22]" File: E:/CycloneVI/mac/proj/multiply_accumulator.vhd Line: 9
    Warning (15610): No output dependent on input pin "input6[23]" File: E:/CycloneVI/mac/proj/multiply_accumulator.vhd Line: 9
    Warning (15610): No output dependent on input pin "input6[24]" File: E:/CycloneVI/mac/proj/multiply_accumulator.vhd Line: 9
    Warning (15610): No output dependent on input pin "input6[25]" File: E:/CycloneVI/mac/proj/multiply_accumulator.vhd Line: 9
    Warning (15610): No output dependent on input pin "input6[26]" File: E:/CycloneVI/mac/proj/multiply_accumulator.vhd Line: 9
    Warning (15610): No output dependent on input pin "input6[27]" File: E:/CycloneVI/mac/proj/multiply_accumulator.vhd Line: 9
    Warning (15610): No output dependent on input pin "input6[28]" File: E:/CycloneVI/mac/proj/multiply_accumulator.vhd Line: 9
    Warning (15610): No output dependent on input pin "input6[29]" File: E:/CycloneVI/mac/proj/multiply_accumulator.vhd Line: 9
    Warning (15610): No output dependent on input pin "input6[30]" File: E:/CycloneVI/mac/proj/multiply_accumulator.vhd Line: 9
    Warning (15610): No output dependent on input pin "input6[31]" File: E:/CycloneVI/mac/proj/multiply_accumulator.vhd Line: 9
    Warning (15610): No output dependent on input pin "input7[0]" File: E:/CycloneVI/mac/proj/multiply_accumulator.vhd Line: 9
    Warning (15610): No output dependent on input pin "input7[1]" File: E:/CycloneVI/mac/proj/multiply_accumulator.vhd Line: 9
    Warning (15610): No output dependent on input pin "input7[2]" File: E:/CycloneVI/mac/proj/multiply_accumulator.vhd Line: 9
    Warning (15610): No output dependent on input pin "input7[3]" File: E:/CycloneVI/mac/proj/multiply_accumulator.vhd Line: 9
    Warning (15610): No output dependent on input pin "input7[4]" File: E:/CycloneVI/mac/proj/multiply_accumulator.vhd Line: 9
    Warning (15610): No output dependent on input pin "input7[5]" File: E:/CycloneVI/mac/proj/multiply_accumulator.vhd Line: 9
    Warning (15610): No output dependent on input pin "input7[6]" File: E:/CycloneVI/mac/proj/multiply_accumulator.vhd Line: 9
    Warning (15610): No output dependent on input pin "input7[7]" File: E:/CycloneVI/mac/proj/multiply_accumulator.vhd Line: 9
    Warning (15610): No output dependent on input pin "input7[8]" File: E:/CycloneVI/mac/proj/multiply_accumulator.vhd Line: 9
    Warning (15610): No output dependent on input pin "input7[9]" File: E:/CycloneVI/mac/proj/multiply_accumulator.vhd Line: 9
    Warning (15610): No output dependent on input pin "input7[10]" File: E:/CycloneVI/mac/proj/multiply_accumulator.vhd Line: 9
    Warning (15610): No output dependent on input pin "input7[11]" File: E:/CycloneVI/mac/proj/multiply_accumulator.vhd Line: 9
    Warning (15610): No output dependent on input pin "input7[12]" File: E:/CycloneVI/mac/proj/multiply_accumulator.vhd Line: 9
    Warning (15610): No output dependent on input pin "input7[13]" File: E:/CycloneVI/mac/proj/multiply_accumulator.vhd Line: 9
    Warning (15610): No output dependent on input pin "input7[14]" File: E:/CycloneVI/mac/proj/multiply_accumulator.vhd Line: 9
    Warning (15610): No output dependent on input pin "input7[15]" File: E:/CycloneVI/mac/proj/multiply_accumulator.vhd Line: 9
    Warning (15610): No output dependent on input pin "input7[16]" File: E:/CycloneVI/mac/proj/multiply_accumulator.vhd Line: 9
    Warning (15610): No output dependent on input pin "input7[17]" File: E:/CycloneVI/mac/proj/multiply_accumulator.vhd Line: 9
    Warning (15610): No output dependent on input pin "input7[18]" File: E:/CycloneVI/mac/proj/multiply_accumulator.vhd Line: 9
    Warning (15610): No output dependent on input pin "input7[19]" File: E:/CycloneVI/mac/proj/multiply_accumulator.vhd Line: 9
    Warning (15610): No output dependent on input pin "input7[20]" File: E:/CycloneVI/mac/proj/multiply_accumulator.vhd Line: 9
    Warning (15610): No output dependent on input pin "input7[21]" File: E:/CycloneVI/mac/proj/multiply_accumulator.vhd Line: 9
    Warning (15610): No output dependent on input pin "input7[22]" File: E:/CycloneVI/mac/proj/multiply_accumulator.vhd Line: 9
    Warning (15610): No output dependent on input pin "input7[23]" File: E:/CycloneVI/mac/proj/multiply_accumulator.vhd Line: 9
    Warning (15610): No output dependent on input pin "input7[24]" File: E:/CycloneVI/mac/proj/multiply_accumulator.vhd Line: 9
    Warning (15610): No output dependent on input pin "input7[25]" File: E:/CycloneVI/mac/proj/multiply_accumulator.vhd Line: 9
    Warning (15610): No output dependent on input pin "input7[26]" File: E:/CycloneVI/mac/proj/multiply_accumulator.vhd Line: 9
    Warning (15610): No output dependent on input pin "input7[27]" File: E:/CycloneVI/mac/proj/multiply_accumulator.vhd Line: 9
    Warning (15610): No output dependent on input pin "input7[28]" File: E:/CycloneVI/mac/proj/multiply_accumulator.vhd Line: 9
    Warning (15610): No output dependent on input pin "input7[29]" File: E:/CycloneVI/mac/proj/multiply_accumulator.vhd Line: 9
    Warning (15610): No output dependent on input pin "input7[30]" File: E:/CycloneVI/mac/proj/multiply_accumulator.vhd Line: 9
    Warning (15610): No output dependent on input pin "input7[31]" File: E:/CycloneVI/mac/proj/multiply_accumulator.vhd Line: 9
Info (21057): Implemented 352 device resources after synthesis - the final resource count might be different
    Info (21058): Implemented 259 input pins
    Info (21059): Implemented 78 output pins
    Info (21061): Implemented 15 logic cells
Info: Quartus Prime Analysis & Synthesis was successful. 0 errors, 324 warnings
    Info: Peak virtual memory: 4789 megabytes
    Info: Processing ended: Sun Nov 15 23:54:33 2020
    Info: Elapsed time: 00:00:09
    Info: Total CPU time (on all processors): 00:00:20


